<?xml version="1.0" encoding="UTF-8"?>
<!-- Generated by org.testng.reporters.JUnitReportReporter -->
<testsuite skipped="0" hostname="richard-Precision-5510" name="com.lazerycode.selenium.tests.GoogleExampleIT" tests="2" failures="0" timestamp="23 Nov 2017 13:39:35 GMT" time="4.779" errors="0">
  <testcase name="googleCheeseExample" time="3.819" classname="com.lazerycode.selenium.tests.GoogleExampleIT"/>
  <testcase name="googleMilkExample" time="0.960" classname="com.lazerycode.selenium.tests.GoogleExampleIT"/>
</testsuite> <!-- com.lazerycode.selenium.tests.GoogleExampleIT -->
