<?xml version="1.0" encoding="UTF-8"?>
<testsuite xmlns:xsi="http://www.w3.org/2001/XMLSchema-instance" xsi:noNamespaceSchemaLocation="https://maven.apache.org/surefire/maven-failsafe-plugin/xsd/failsafe-test-report.xsd" name="com.lazerycode.selenium.tests.GoogleExampleIT" time="5.209" tests="2" errors="0" skipped="0" failures="0">
  <properties>
    <property name="sun.desktop" value="gnome"/>
    <property name="awt.toolkit" value="sun.awt.X11.XToolkit"/>
    <property name="java.specification.version" value="1.8"/>
    <property name="file.encoding.pkg" value="sun.io"/>
    <property name="webdriver.chrome.driver" value="/home/richard/IdeaProjects/Selenium-Maven-Template/src/test/resources/selenium_standalone_binaries/linux/googlechrome/64bit/chromedriver"/>
    <property name="sun.cpu.isalist" value=""/>
    <property name="sun.jnu.encoding" value="UTF-8"/>
    <property name="java.class.path" value="/home/richard/IdeaProjects/Selenium-Maven-Template/target/test-classes:/home/richard/IdeaProjects/Selenium-Maven-Template/target/maven-template-1.0-SNAPSHOT.jar:/home/richard/.m2/repository/org/seleniumhq/selenium/selenium-remote-driver/3.7.1/selenium-remote-driver-3.7.1.jar:/home/richard/.m2/repository/org/seleniumhq/selenium/selenium-api/3.7.1/selenium-api-3.7.1.jar:/home/richard/.m2/repository/net/bytebuddy/byte-buddy/1.7.5/byte-buddy-1.7.5.jar:/home/richard/.m2/repository/org/apache/commons/commons-exec/1.3/commons-exec-1.3.jar:/home/richard/.m2/repository/commons-codec/commons-codec/1.10/commons-codec-1.10.jar:/home/richard/.m2/repository/commons-logging/commons-logging/1.2/commons-logging-1.2.jar:/home/richard/.m2/repository/com/google/code/gson/gson/2.8.2/gson-2.8.2.jar:/home/richard/.m2/repository/com/google/guava/guava/23.0/guava-23.0.jar:/home/richard/.m2/repository/com/google/code/findbugs/jsr305/1.3.9/jsr305-1.3.9.jar:/home/richard/.m2/repository/com/google/errorprone/error_prone_annotations/2.0.18/error_prone_annotations-2.0.18.jar:/home/richard/.m2/repository/com/google/j2objc/j2objc-annotations/1.1/j2objc-annotations-1.1.jar:/home/richard/.m2/repository/org/codehaus/mojo/animal-sniffer-annotations/1.14/animal-sniffer-annotations-1.14.jar:/home/richard/.m2/repository/org/apache/httpcomponents/httpclient/4.5.3/httpclient-4.5.3.jar:/home/richard/.m2/repository/org/apache/httpcomponents/httpcore/4.4.6/httpcore-4.4.6.jar:/home/richard/.m2/repository/org/seleniumhq/selenium/selenium-java/3.7.1/selenium-java-3.7.1.jar:/home/richard/.m2/repository/org/seleniumhq/selenium/selenium-chrome-driver/3.7.1/selenium-chrome-driver-3.7.1.jar:/home/richard/.m2/repository/org/seleniumhq/selenium/selenium-edge-driver/3.7.1/selenium-edge-driver-3.7.1.jar:/home/richard/.m2/repository/org/seleniumhq/selenium/selenium-firefox-driver/3.7.1/selenium-firefox-driver-3.7.1.jar:/home/richard/.m2/repository/org/seleniumhq/selenium/selenium-ie-driver/3.7.1/selenium-ie-driver-3.7.1.jar:/home/richard/.m2/repository/org/seleniumhq/selenium/selenium-opera-driver/3.7.1/selenium-opera-driver-3.7.1.jar:/home/richard/.m2/repository/org/seleniumhq/selenium/selenium-safari-driver/3.7.1/selenium-safari-driver-3.7.1.jar:/home/richard/.m2/repository/org/seleniumhq/selenium/selenium-support/3.7.1/selenium-support-3.7.1.jar:/home/richard/.m2/repository/com/codeborne/phantomjsdriver/1.4.3/phantomjsdriver-1.4.3.jar:/home/richard/.m2/repository/org/testng/testng/6.11/testng-6.11.jar:/home/richard/.m2/repository/com/beust/jcommander/1.64/jcommander-1.64.jar:/home/richard/.m2/repository/org/yaml/snakeyaml/1.17/snakeyaml-1.17.jar:/home/richard/.m2/repository/org/assertj/assertj-core/3.8.0/assertj-core-3.8.0.jar:/home/richard/.m2/repository/com/lazerycode/selenium/query/1.0.0/query-1.0.0.jar:/home/richard/.m2/repository/junit/junit/4.12/junit-4.12.jar:/home/richard/.m2/repository/org/hamcrest/hamcrest-core/1.3/hamcrest-core-1.3.jar:/home/richard/.m2/repository/org/mockito/mockito-core/2.11.0/mockito-core-2.11.0.jar:/home/richard/.m2/repository/net/bytebuddy/byte-buddy-agent/1.7.4/byte-buddy-agent-1.7.4.jar:/home/richard/.m2/repository/org/objenesis/objenesis/2.6/objenesis-2.6.jar:/home/richard/.m2/repository/org/apache/maven/surefire/surefire-testng-utils/2.20.1/surefire-testng-utils-2.20.1.jar:/home/richard/.m2/repository/org/apache/maven/surefire/surefire-grouper/2.20.1/surefire-grouper-2.20.1.jar:"/>
    <property name="java.vm.vendor" value="Oracle Corporation"/>
    <property name="sun.arch.data.model" value="64"/>
    <property name="webdriver.ie.driver" value=""/>
    <property name="proxyPort" value=""/>
    <property name="java.vendor.url" value="http://java.oracle.com/"/>
    <property name="user.timezone" value=""/>
    <property name="os.name" value="Linux"/>
    <property name="java.vm.specification.version" value="1.8"/>
    <property name="user.country" value="US"/>
    <property name="sun.java.launcher" value="SUN_STANDARD"/>
    <property name="sun.boot.library.path" value="/usr/lib/jvm/java-8-oracle/jre/lib/amd64"/>
    <property name="sun.java.command" value="/home/richard/IdeaProjects/Selenium-Maven-Template/target/surefire/surefirebooter2610298715609560639.jar /home/richard/IdeaProjects/Selenium-Maven-Template/target/surefire 2017-11-23T14-39-29_954-jvmRun1 surefire1810223867261821377tmp surefire_04497004861653453641tmp"/>
    <property name="surefire.test.class.path" value="/home/richard/IdeaProjects/Selenium-Maven-Template/target/test-classes:/home/richard/IdeaProjects/Selenium-Maven-Template/target/maven-template-1.0-SNAPSHOT.jar:/home/richard/.m2/repository/org/seleniumhq/selenium/selenium-remote-driver/3.7.1/selenium-remote-driver-3.7.1.jar:/home/richard/.m2/repository/org/seleniumhq/selenium/selenium-api/3.7.1/selenium-api-3.7.1.jar:/home/richard/.m2/repository/net/bytebuddy/byte-buddy/1.7.5/byte-buddy-1.7.5.jar:/home/richard/.m2/repository/org/apache/commons/commons-exec/1.3/commons-exec-1.3.jar:/home/richard/.m2/repository/commons-codec/commons-codec/1.10/commons-codec-1.10.jar:/home/richard/.m2/repository/commons-logging/commons-logging/1.2/commons-logging-1.2.jar:/home/richard/.m2/repository/com/google/code/gson/gson/2.8.2/gson-2.8.2.jar:/home/richard/.m2/repository/com/google/guava/guava/23.0/guava-23.0.jar:/home/richard/.m2/repository/com/google/code/findbugs/jsr305/1.3.9/jsr305-1.3.9.jar:/home/richard/.m2/repository/com/google/errorprone/error_prone_annotations/2.0.18/error_prone_annotations-2.0.18.jar:/home/richard/.m2/repository/com/google/j2objc/j2objc-annotations/1.1/j2objc-annotations-1.1.jar:/home/richard/.m2/repository/org/codehaus/mojo/animal-sniffer-annotations/1.14/animal-sniffer-annotations-1.14.jar:/home/richard/.m2/repository/org/apache/httpcomponents/httpclient/4.5.3/httpclient-4.5.3.jar:/home/richard/.m2/repository/org/apache/httpcomponents/httpcore/4.4.6/httpcore-4.4.6.jar:/home/richard/.m2/repository/org/seleniumhq/selenium/selenium-java/3.7.1/selenium-java-3.7.1.jar:/home/richard/.m2/repository/org/seleniumhq/selenium/selenium-chrome-driver/3.7.1/selenium-chrome-driver-3.7.1.jar:/home/richard/.m2/repository/org/seleniumhq/selenium/selenium-edge-driver/3.7.1/selenium-edge-driver-3.7.1.jar:/home/richard/.m2/repository/org/seleniumhq/selenium/selenium-firefox-driver/3.7.1/selenium-firefox-driver-3.7.1.jar:/home/richard/.m2/repository/org/seleniumhq/selenium/selenium-ie-driver/3.7.1/selenium-ie-driver-3.7.1.jar:/home/richard/.m2/repository/org/seleniumhq/selenium/selenium-opera-driver/3.7.1/selenium-opera-driver-3.7.1.jar:/home/richard/.m2/repository/org/seleniumhq/selenium/selenium-safari-driver/3.7.1/selenium-safari-driver-3.7.1.jar:/home/richard/.m2/repository/org/seleniumhq/selenium/selenium-support/3.7.1/selenium-support-3.7.1.jar:/home/richard/.m2/repository/com/codeborne/phantomjsdriver/1.4.3/phantomjsdriver-1.4.3.jar:/home/richard/.m2/repository/org/testng/testng/6.11/testng-6.11.jar:/home/richard/.m2/repository/com/beust/jcommander/1.64/jcommander-1.64.jar:/home/richard/.m2/repository/org/yaml/snakeyaml/1.17/snakeyaml-1.17.jar:/home/richard/.m2/repository/org/assertj/assertj-core/3.8.0/assertj-core-3.8.0.jar:/home/richard/.m2/repository/com/lazerycode/selenium/query/1.0.0/query-1.0.0.jar:/home/richard/.m2/repository/junit/junit/4.12/junit-4.12.jar:/home/richard/.m2/repository/org/hamcrest/hamcrest-core/1.3/hamcrest-core-1.3.jar:/home/richard/.m2/repository/org/mockito/mockito-core/2.11.0/mockito-core-2.11.0.jar:/home/richard/.m2/repository/net/bytebuddy/byte-buddy-agent/1.7.4/byte-buddy-agent-1.7.4.jar:/home/richard/.m2/repository/org/objenesis/objenesis/2.6/objenesis-2.6.jar:/home/richard/.m2/repository/org/apache/maven/surefire/surefire-testng-utils/2.20.1/surefire-testng-utils-2.20.1.jar:/home/richard/.m2/repository/org/apache/maven/surefire/surefire-grouper/2.20.1/surefire-grouper-2.20.1.jar:"/>
    <property name="sun.cpu.endian" value="little"/>
    <property name="user.home" value="/home/richard"/>
    <property name="user.language" value="en"/>
    <property name="remoteDriver" value="false"/>
    <property name="java.specification.vendor" value="Oracle Corporation"/>
    <property name="screenshotDirectory" value="/home/richard/IdeaProjects/Selenium-Maven-Template/target/screenshots"/>
    <property name="proxyHost" value=""/>
    <property name="java.home" value="/usr/lib/jvm/java-8-oracle/jre"/>
    <property name="basedir" value="/home/richard/IdeaProjects/Selenium-Maven-Template"/>
    <property name="file.separator" value="/"/>
    <property name="line.separator" value="&#10;"/>
    <property name="java.vm.specification.vendor" value="Oracle Corporation"/>
    <property name="java.specification.name" value="Java Platform API Specification"/>
    <property name="java.awt.graphicsenv" value="sun.awt.X11GraphicsEnvironment"/>
    <property name="surefire.real.class.path" value="/home/richard/IdeaProjects/Selenium-Maven-Template/target/surefire/surefirebooter2610298715609560639.jar"/>
    <property name="desiredPlatform" value=""/>
    <property name="proxyEnabled" value="false"/>
    <property name="sun.boot.class.path" value="/usr/lib/jvm/java-8-oracle/jre/lib/resources.jar:/usr/lib/jvm/java-8-oracle/jre/lib/rt.jar:/usr/lib/jvm/java-8-oracle/jre/lib/sunrsasign.jar:/usr/lib/jvm/java-8-oracle/jre/lib/jsse.jar:/usr/lib/jvm/java-8-oracle/jre/lib/jce.jar:/usr/lib/jvm/java-8-oracle/jre/lib/charsets.jar:/usr/lib/jvm/java-8-oracle/jre/lib/jfr.jar:/usr/lib/jvm/java-8-oracle/jre/classes"/>
    <property name="sun.management.compiler" value="HotSpot 64-Bit Tiered Compilers"/>
    <property name="java.runtime.version" value="1.8.0_151-b12"/>
    <property name="webdriver.edge.driver" value=""/>
    <property name="user.name" value="richard"/>
    <property name="path.separator" value=":"/>
    <property name="webdriver.opera.driver" value="/home/richard/IdeaProjects/Selenium-Maven-Template/src/test/resources/selenium_standalone_binaries/linux/operachromium/64bit/operadriver"/>
    <property name="os.version" value="4.4.0-98-generic"/>
    <property name="java.endorsed.dirs" value="/usr/lib/jvm/java-8-oracle/jre/lib/endorsed"/>
    <property name="java.runtime.name" value="Java(TM) SE Runtime Environment"/>
    <property name="file.encoding" value="UTF-8"/>
    <property name="phantomjs.binary.path" value="/home/richard/IdeaProjects/Selenium-Maven-Template/src/test/resources/selenium_standalone_binaries/linux/phantomjs/64bit/phantomjs"/>
    <property name="browser" value="firefox"/>
    <property name="java.vm.name" value="Java HotSpot(TM) 64-Bit Server VM"/>
    <property name="localRepository" value="/home/richard/.m2/repository"/>
    <property name="java.vendor.url.bug" value="http://bugreport.sun.com/bugreport/"/>
    <property name="java.io.tmpdir" value="/tmp"/>
    <property name="desiredBrowserVersion" value=""/>
    <property name="java.version" value="1.8.0_151"/>
    <property name="user.dir" value="/home/richard/IdeaProjects/Selenium-Maven-Template"/>
    <property name="os.arch" value="amd64"/>
    <property name="gridURL" value=""/>
    <property name="webdriver.gecko.driver" value="/home/richard/IdeaProjects/Selenium-Maven-Template/src/test/resources/selenium_standalone_binaries/linux/marionette/64bit/geckodriver"/>
    <property name="java.vm.specification.name" value="Java Virtual Machine Specification"/>
    <property name="java.awt.printerjob" value="sun.print.PSPrinterJob"/>
    <property name="sun.os.patch.level" value="unknown"/>
    <property name="java.library.path" value="/opt/idea-IU-163.12024.16/bin::/usr/java/packages/lib/amd64:/usr/lib64:/lib64:/lib:/usr/lib"/>
    <property name="java.vm.info" value="mixed mode"/>
    <property name="java.vendor" value="Oracle Corporation"/>
    <property name="java.vm.version" value="25.151-b12"/>
    <property name="java.ext.dirs" value="/usr/lib/jvm/java-8-oracle/jre/lib/ext:/usr/java/packages/lib/ext"/>
    <property name="sun.io.unicode.encoding" value="UnicodeLittle"/>
    <property name="java.class.version" value="52.0"/>
  </properties>
  <testcase name="googleCheeseExample" classname="com.lazerycode.selenium.tests.GoogleExampleIT" time="3.806"/>
  <testcase name="googleMilkExample" classname="com.lazerycode.selenium.tests.GoogleExampleIT" time="0.951"/>
</testsuite>